<acceptance-test-run title="Valida o status de aplicacao SERD" name="Valida o status de aplicacao SERD" steps="6" successful="0" failures="0" errors="1" skipped="5" ignored="0" pending="0" annotated-result="ERROR" result="ERROR" duration="45708" timestamp="2018-05-15T14:12:34.508-03:00">
  <user-story id="valida_aplicacao" name="Valida aplicacao" path="stories/aplicacao/valida_aplicacao.story"/>
  <tags>
    <tag name="Aplicações" type="component"/>
    <tag name="Aplicacao" type="feature"/>
    <tag name="Aplicacao/Valida aplicacao" type="story"/>
    <tag name="Valida aplicacao" type="story"/>
  </tags>
  <test-step result="ERROR" duration="45702">
    <description>Given Eu acesso a aplicacao ｟http://www.serd.com.br/eldoc_unilever/｠</description>
    <error>net.thucydides.core.webdriver.UnsupportedDriverException: Could not instantiate class org.openqa.selenium.firefox.FirefoxDriver</error>
    <exception>net.thucydides.core.webdriver.UnsupportedDriverException:Could not instantiate class org.openqa.selenium.firefox.FirefoxDriver
[br.com.softbox.steps.LoginSteps.iAccess(LoginSteps.java:24)]</exception>
  </test-step>
  <test-step result="SKIPPED" duration="0">
    <description>When Eu preencho o campo {#user.ui-widget-content.ui-corner-all} com o valor {suporte@softbox.com.br}</description>
  </test-step>
  <test-step result="SKIPPED" duration="0">
    <description>And Eu preencho o campo {#password.ui-widget-content.ui-corner-all} com o valor {softbox!eldoc!123}</description>
  </test-step>
  <test-step result="SKIPPED" duration="1">
    <description>And Eu clico no botao {.ui-button-text}</description>
  </test-step>
  <test-step result="SKIPPED" duration="0">
    <description>Then Eu verifico o status da aplicacao</description>
  </test-step>
  <test-step result="SKIPPED" duration="0">
    <description>And Eu valido a presenca do elemento {#ajuda.help}</description>
  </test-step>
</acceptance-test-run>