<acceptance-test-run title="Valida o status de aplicacao Pine" name="Valida o status de aplicacao Pine" steps="5" successful="0" failures="0" errors="1" skipped="4" ignored="0" pending="0" annotated-result="ERROR" result="ERROR" duration="46403" timestamp="2018-05-15T14:06:22.891-03:00">
  <user-story id="valida_aplicacao" name="Valida aplicacao" path="stories/aplicacao/valida_aplicacao.story"/>
  <tags>
    <tag name="Aplicações" type="component"/>
    <tag name="Aplicacao" type="feature"/>
    <tag name="Aplicacao/Valida aplicacao" type="story"/>
    <tag name="Valida aplicacao" type="story"/>
  </tags>
  <test-step result="ERROR" duration="45685">
    <description>Given Eu acesso a aplicacao ｟https://pine.softbox.com.br/site/login｠</description>
    <error>net.thucydides.core.webdriver.UnsupportedDriverException: Could not instantiate class org.openqa.selenium.firefox.FirefoxDriver</error>
    <exception>net.thucydides.core.webdriver.UnsupportedDriverException:Could not instantiate class org.openqa.selenium.firefox.FirefoxDriver
[br.com.softbox.steps.LoginSteps.iAccess(LoginSteps.java:24)]</exception>
  </test-step>
  <test-step result="SKIPPED" duration="709">
    <description>When Eu preencho o campo {#LoginForm_username} com o valor {pine/monitoria}</description>
  </test-step>
  <test-step result="SKIPPED" duration="1">
    <description>And Eu preencho o campo {#LoginForm_password} com o valor {S0ftB0x@#$%2017}</description>
  </test-step>
  <test-step result="SKIPPED" duration="0">
    <description>And Eu clico no botao {.button}</description>
  </test-step>
  <test-step result="SKIPPED" duration="0">
    <description>Then Eu verifico o status da aplicacao</description>
  </test-step>
</acceptance-test-run>