<acceptance-test-run title="Valida o status de aplicacao Execução" name="Valida o status de aplicacao Execução" steps="6" successful="0" failures="0" errors="1" skipped="5" ignored="0" pending="0" annotated-result="ERROR" result="ERROR" duration="45328" timestamp="2018-05-15T14:15:40.651-03:00">
  <user-story id="valida_aplicacao" name="Valida aplicacao" path="stories/aplicacao/valida_aplicacao.story"/>
  <tags>
    <tag name="Aplicações" type="component"/>
    <tag name="Aplicacao" type="feature"/>
    <tag name="Aplicacao/Valida aplicacao" type="story"/>
    <tag name="Valida aplicacao" type="story"/>
  </tags>
  <test-step result="ERROR" duration="45172">
    <description>Given Eu acesso a aplicacao ｟https://www.execucaounilever.com.br/#/login｠</description>
    <error>net.thucydides.core.webdriver.UnsupportedDriverException: Could not instantiate class org.openqa.selenium.firefox.FirefoxDriver</error>
    <exception>net.thucydides.core.webdriver.UnsupportedDriverException:Could not instantiate class org.openqa.selenium.firefox.FirefoxDriver
[br.com.softbox.steps.LoginSteps.iAccess(LoginSteps.java:24)]</exception>
  </test-step>
  <test-step result="SKIPPED" duration="0">
    <description>When Eu preencho o campo {#input_0} com o valor {1010}</description>
  </test-step>
  <test-step result="SKIPPED" duration="0">
    <description>And Eu preencho o campo {#input_1} com o valor {s0ftb0xm0n1t0r3}</description>
  </test-step>
  <test-step result="SKIPPED" duration="1">
    <description>And Eu clico no botao {.login-btn.md-raised.md-primary.submit.md-button.md-ink-ripple.flex-grow}</description>
  </test-step>
  <test-step result="SKIPPED" duration="0">
    <description>Then Eu verifico o status da aplicacao</description>
  </test-step>
  <test-step result="SKIPPED" duration="0">
    <description>And Eu valido a presenca do elemento {.ng-scope}</description>
  </test-step>
</acceptance-test-run>