<acceptance-test-run title="Valida o status de aplicacao Tobias" name="Valida o status de aplicacao Tobias" steps="6" successful="0" failures="0" errors="1" skipped="5" ignored="0" pending="0" annotated-result="ERROR" result="ERROR" duration="46475" timestamp="2018-05-15T14:16:25.983-03:00">
  <user-story id="valida_aplicacao" name="Valida aplicacao" path="stories/aplicacao/valida_aplicacao.story"/>
  <tags>
    <tag name="Aplicações" type="component"/>
    <tag name="Aplicacao" type="feature"/>
    <tag name="Aplicacao/Valida aplicacao" type="story"/>
    <tag name="Valida aplicacao" type="story"/>
  </tags>
  <test-step result="ERROR" duration="46470">
    <description>Given Eu acesso a aplicacao ｟https://tobias.softbox.com.br/tobias/｠</description>
    <error>net.thucydides.core.webdriver.UnsupportedDriverException: Could not instantiate class org.openqa.selenium.firefox.FirefoxDriver</error>
    <exception>net.thucydides.core.webdriver.UnsupportedDriverException:Could not instantiate class org.openqa.selenium.firefox.FirefoxDriver
[br.com.softbox.steps.LoginSteps.iAccess(LoginSteps.java:24)]</exception>
  </test-step>
  <test-step result="SKIPPED" duration="1">
    <description>When Eu preencho o campo {#login-email} com o valor {infra@softbox.com.br}</description>
  </test-step>
  <test-step result="SKIPPED" duration="1">
    <description>And Eu preencho o campo {#login-senha} com o valor {sj28yab8yp}</description>
  </test-step>
  <test-step result="SKIPPED" duration="0">
    <description>And Eu clico no botao {.btn.btn-block.btn-primary.mt-lg.ng-scope}</description>
  </test-step>
  <test-step result="SKIPPED" duration="1">
    <description>Then Eu verifico o status da aplicacao</description>
  </test-step>
  <test-step result="SKIPPED" duration="0">
    <description>And Eu valido a presenca do elemento {.img-responsive}</description>
  </test-step>
</acceptance-test-run>