<acceptance-test-run title="Valida o status de aplicacao Sistema_GPC" name="Valida o status de aplicacao Sistema_GPC" steps="6" successful="0" failures="0" errors="1" skipped="5" ignored="0" pending="0" annotated-result="ERROR" result="ERROR" duration="45497" timestamp="2018-05-15T14:11:49.009-03:00">
  <user-story id="valida_aplicacao" name="Valida aplicacao" path="stories/aplicacao/valida_aplicacao.story"/>
  <tags>
    <tag name="Aplicações" type="component"/>
    <tag name="Aplicacao" type="feature"/>
    <tag name="Aplicacao/Valida aplicacao" type="story"/>
    <tag name="Valida aplicacao" type="story"/>
  </tags>
  <test-step result="ERROR" duration="45369">
    <description>Given Eu acesso a aplicacao ｟https://sistemagpc.softbox.com.br/eldoc_hpf_view/#/login｠</description>
    <error>net.thucydides.core.webdriver.UnsupportedDriverException: Could not instantiate class org.openqa.selenium.firefox.FirefoxDriver</error>
    <exception>net.thucydides.core.webdriver.UnsupportedDriverException:Could not instantiate class org.openqa.selenium.firefox.FirefoxDriver
[br.com.softbox.steps.LoginSteps.iAccess(LoginSteps.java:24)]</exception>
  </test-step>
  <test-step result="SKIPPED" duration="1">
    <description>When Eu preencho o campo {#login_username} com o valor {suporte@softbox.com.br}</description>
  </test-step>
  <test-step result="SKIPPED" duration="0">
    <description>And Eu preencho o campo {#login_password} com o valor {NocSoftbox0310}</description>
  </test-step>
  <test-step result="SKIPPED" duration="0">
    <description>And Eu clico no botao {.width-35.pull-right.btn.btn-sm.btn-primary}</description>
  </test-step>
  <test-step result="SKIPPED" duration="0">
    <description>Then Eu verifico o status da aplicacao</description>
  </test-step>
  <test-step result="SKIPPED" duration="0">
    <description>And Eu valido a presenca do elemento {#navbar-container}</description>
  </test-step>
</acceptance-test-run>