<acceptance-test-run title="Valida o status de aplicacao Suvinil" name="Valida o status de aplicacao Suvinil" steps="6" successful="0" failures="0" errors="1" skipped="5" ignored="0" pending="0" annotated-result="ERROR" result="ERROR" duration="48359" timestamp="2018-05-15T14:13:20.219-03:00">
  <user-story id="valida_aplicacao" name="Valida aplicacao" path="stories/aplicacao/valida_aplicacao.story"/>
  <tags>
    <tag name="Aplicações" type="component"/>
    <tag name="Aplicacao" type="feature"/>
    <tag name="Aplicacao/Valida aplicacao" type="story"/>
    <tag name="Valida aplicacao" type="story"/>
  </tags>
  <test-step result="ERROR" duration="48353">
    <description>Given Eu acesso a aplicacao ｟http://suvinilon.suvinil.com.br/｠</description>
    <error>net.thucydides.core.webdriver.UnsupportedDriverException: Could not instantiate class org.openqa.selenium.firefox.FirefoxDriver</error>
    <exception>net.thucydides.core.webdriver.UnsupportedDriverException:Could not instantiate class org.openqa.selenium.firefox.FirefoxDriver
[br.com.softbox.steps.LoginSteps.iAccess(LoginSteps.java:24)]</exception>
  </test-step>
  <test-step result="SKIPPED" duration="0">
    <description>When Eu preencho o campo {#username.ng-pristine.ng-empty.ng-invalid.ng-invalid-required.ng-touched} com o valor {qaprodutos@softbox.com.br}</description>
  </test-step>
  <test-step result="SKIPPED" duration="0">
    <description>And Eu preencho o campo {#password.ng-pristine.ng-empty.ng-invalid.ng-invalid-required.ng-touched} com o valor {Tradelinks@suvinil1}</description>
  </test-step>
  <test-step result="SKIPPED" duration="0">
    <description>And Eu clico no botao {.bottom-pos}</description>
  </test-step>
  <test-step result="SKIPPED" duration="0">
    <description>Then Eu verifico o status da aplicacao</description>
  </test-step>
  <test-step result="SKIPPED" duration="0">
    <description>And Eu valido a presenca do elemento {#main}</description>
  </test-step>
</acceptance-test-run>