<?xml version="1.0" encoding="UTF-8"?><testsuite errors="15" failures="0" name="Valida aplicacao" skipped="0" tests="15" time="732.77" timestamp="2018-05-135 02:04:57"><testcase name="Valida o status de aplicacao Catman"><error message="Could not instantiate class org.openqa.selenium.firefox.FirefoxDriver" type="net.thucydides.core.webdriver.UnsupportedDriverException">Could not instantiate class org.openqa.selenium.firefox.FirefoxDriver</error><system-err>Could not instantiate class org.openqa.selenium.firefox.FirefoxDriver
br.com.softbox.steps.LoginSteps.iAccess(LoginSteps.java:24)
</system-err></testcase><testcase name="Valida o status de aplicacao Pine"><error message="Could not instantiate class org.openqa.selenium.firefox.FirefoxDriver" type="net.thucydides.core.webdriver.UnsupportedDriverException">Could not instantiate class org.openqa.selenium.firefox.FirefoxDriver</error><system-err>Could not instantiate class org.openqa.selenium.firefox.FirefoxDriver
br.com.softbox.steps.LoginSteps.iAccess(LoginSteps.java:24)
</system-err></testcase><testcase name="Valida o status de aplicacao Catman-Ice"><error message="Could not instantiate class org.openqa.selenium.firefox.FirefoxDriver" type="net.thucydides.core.webdriver.UnsupportedDriverException">Could not instantiate class org.openqa.selenium.firefox.FirefoxDriver</error><system-err>Could not instantiate class org.openqa.selenium.firefox.FirefoxDriver
br.com.softbox.steps.LoginSteps.iAccess(LoginSteps.java:24)
</system-err></testcase><testcase name="Valida o status de aplicacao Efetividade"><error message="Could not instantiate class org.openqa.selenium.firefox.FirefoxDriver" type="net.thucydides.core.webdriver.UnsupportedDriverException">Could not instantiate class org.openqa.selenium.firefox.FirefoxDriver</error><system-err>Could not instantiate class org.openqa.selenium.firefox.FirefoxDriver
br.com.softbox.steps.LoginSteps.iAccess(LoginSteps.java:24)
</system-err></testcase><testcase name="Valida o status de aplicacao Cashlink"><error message="Could not instantiate class org.openqa.selenium.firefox.FirefoxDriver" type="net.thucydides.core.webdriver.UnsupportedDriverException">Could not instantiate class org.openqa.selenium.firefox.FirefoxDriver</error><system-err>Could not instantiate class org.openqa.selenium.firefox.FirefoxDriver
br.com.softbox.steps.LoginSteps.iAccess(LoginSteps.java:24)
</system-err></testcase><testcase name="Valida o status de aplicacao Eldoc_MV"><error message="Could not instantiate class org.openqa.selenium.firefox.FirefoxDriver" type="net.thucydides.core.webdriver.UnsupportedDriverException">Could not instantiate class org.openqa.selenium.firefox.FirefoxDriver</error><system-err>Could not instantiate class org.openqa.selenium.firefox.FirefoxDriver
br.com.softbox.steps.LoginSteps.iAccess(LoginSteps.java:24)
</system-err></testcase><testcase name="Valida o status de aplicacao Eldoc_MV_Lojas_Fisicas"><error message="Could not instantiate class org.openqa.selenium.firefox.FirefoxDriver" type="net.thucydides.core.webdriver.UnsupportedDriverException">Could not instantiate class org.openqa.selenium.firefox.FirefoxDriver</error><system-err>Could not instantiate class org.openqa.selenium.firefox.FirefoxDriver
br.com.softbox.steps.LoginSteps.iAccess(LoginSteps.java:24)
</system-err></testcase><testcase name="Valida o status de aplicacao Kelex"><error message="Could not instantiate class org.openqa.selenium.firefox.FirefoxDriver" type="net.thucydides.core.webdriver.UnsupportedDriverException">Could not instantiate class org.openqa.selenium.firefox.FirefoxDriver</error><system-err>Could not instantiate class org.openqa.selenium.firefox.FirefoxDriver
br.com.softbox.steps.LoginSteps.iAccess(LoginSteps.java:24)
</system-err></testcase><testcase name="Valida o status de aplicacao Sistema_GPC"><error message="Could not instantiate class org.openqa.selenium.firefox.FirefoxDriver" type="net.thucydides.core.webdriver.UnsupportedDriverException">Could not instantiate class org.openqa.selenium.firefox.FirefoxDriver</error><system-err>Could not instantiate class org.openqa.selenium.firefox.FirefoxDriver
br.com.softbox.steps.LoginSteps.iAccess(LoginSteps.java:24)
</system-err></testcase><testcase name="Valida o status de aplicacao SERD"><error message="Could not instantiate class org.openqa.selenium.firefox.FirefoxDriver" type="net.thucydides.core.webdriver.UnsupportedDriverException">Could not instantiate class org.openqa.selenium.firefox.FirefoxDriver</error><system-err>Could not instantiate class org.openqa.selenium.firefox.FirefoxDriver
br.com.softbox.steps.LoginSteps.iAccess(LoginSteps.java:24)
</system-err></testcase><testcase name="Valida o status de aplicacao Suvinil"><error message="Could not instantiate class org.openqa.selenium.firefox.FirefoxDriver" type="net.thucydides.core.webdriver.UnsupportedDriverException">Could not instantiate class org.openqa.selenium.firefox.FirefoxDriver</error><system-err>Could not instantiate class org.openqa.selenium.firefox.FirefoxDriver
br.com.softbox.steps.LoginSteps.iAccess(LoginSteps.java:24)
</system-err></testcase><testcase name="Valida o status de aplicacao CoachingUFS"><error message="Could not instantiate class org.openqa.selenium.firefox.FirefoxDriver" type="net.thucydides.core.webdriver.UnsupportedDriverException">Could not instantiate class org.openqa.selenium.firefox.FirefoxDriver</error><system-err>Could not instantiate class org.openqa.selenium.firefox.FirefoxDriver
br.com.softbox.steps.LoginSteps.iAccess(LoginSteps.java:24)
</system-err></testcase><testcase name="Valida o status de aplicacao Vortex"><error message="Could not instantiate class org.openqa.selenium.firefox.FirefoxDriver" type="net.thucydides.core.webdriver.UnsupportedDriverException">Could not instantiate class org.openqa.selenium.firefox.FirefoxDriver</error><system-err>Could not instantiate class org.openqa.selenium.firefox.FirefoxDriver
br.com.softbox.steps.LoginSteps.iAccess(LoginSteps.java:24)
</system-err></testcase><testcase name="Valida o status de aplicacao Execução"><error message="Could not instantiate class org.openqa.selenium.firefox.FirefoxDriver" type="net.thucydides.core.webdriver.UnsupportedDriverException">Could not instantiate class org.openqa.selenium.firefox.FirefoxDriver</error><system-err>Could not instantiate class org.openqa.selenium.firefox.FirefoxDriver
br.com.softbox.steps.LoginSteps.iAccess(LoginSteps.java:24)
</system-err></testcase><testcase name="Valida o status de aplicacao Tobias"><error message="Could not instantiate class org.openqa.selenium.firefox.FirefoxDriver" type="net.thucydides.core.webdriver.UnsupportedDriverException">Could not instantiate class org.openqa.selenium.firefox.FirefoxDriver</error><system-err>Could not instantiate class org.openqa.selenium.firefox.FirefoxDriver
br.com.softbox.steps.LoginSteps.iAccess(LoginSteps.java:24)
</system-err></testcase></testsuite>